*   Trying ::1:8081...
* TCP_NODELAY set
* Connected to localhost (::1) port 8081 (#0)
> POST /checklog HTTP/1.1
Host: localhost:8081
Content-Length: 0
Content-Type: application/json
User-Agent: GuzzleHttp/6.5.1 curl/7.67.0 PHP/7.2.26
body: {"signin_email":"ymnyaga@yandex.ru","signin_password":"12345678","remember_me":"on"}

* Mark bundle as not supporting multiuse
< HTTP/1.1 500 
< Content-Type: text/html;charset=utf-8
< Content-Language: en
< Transfer-Encoding: chunked
< Date: Thu, 26 Dec 2019 08:12:31 GMT
< Connection: close
< 
* Closing connection 0
*   Trying ::1:8081...
* TCP_NODELAY set
* Connected to localhost (::1) port 8081 (#0)
> POST /checklog HTTP/1.1
Host: localhost:8081
Content-Length: 0
Content-Type: application/json
User-Agent: GuzzleHttp/6.5.1 curl/7.67.0 PHP/7.2.26
body: {"signin_email":"ymnyaga@yandex.ru","signin_password":"12345678","remember_me":"on"}

* Mark bundle as not supporting multiuse
< HTTP/1.1 500 
< Content-Type: text/html;charset=utf-8
< Content-Language: en
< Transfer-Encoding: chunked
< Date: Thu, 26 Dec 2019 08:16:50 GMT
< Connection: close
< 
* Closing connection 0
*   Trying ::1:8081...
* TCP_NODELAY set
* Connected to localhost (::1) port 8081 (#0)
> POST /checklog HTTP/1.1
Host: localhost:8081
Content-Length: 0
Content-Type: application/json
User-Agent: GuzzleHttp/6.5.1 curl/7.67.0 PHP/7.2.26
body: {"signin_email":"ymnyaga@yandex.ru","signin_password":"12345678","remember_me":"on"}

* Mark bundle as not supporting multiuse
< HTTP/1.1 500 
< Content-Type: text/html;charset=utf-8
< Content-Language: en
< Transfer-Encoding: chunked
< Date: Thu, 26 Dec 2019 08:18:27 GMT
< Connection: close
< 
* Closing connection 0
*   Trying ::1:8081...
* TCP_NODELAY set
* Connected to localhost (::1) port 8081 (#0)
> POST /checklog HTTP/1.1
Host: localhost:8081
Content-Length: 0
Content-Type: application/json
User-Agent: GuzzleHttp/6.5.1 curl/7.67.0 PHP/7.2.26
body: {"signin_email":"ymnyaga@yandex.ru","signin_password":"12345678","remember_me":"on"}

* Mark bundle as not supporting multiuse
< HTTP/1.1 500 
*   Trying ::1:8081...
* TCP_NODELAY set
*   Trying 127.0.0.1:8081...
* TCP_NODELAY set
* connect to ::1 port 8081 failed: Connection refused
* connect to 127.0.0.1 port 8081 failed: Connection refused
* Failed to connect to localhost port 8081: Connection refused
* Closing connection 0
*   Trying ::1:8081...
* TCP_NODELAY set
* Connected to localhost (::1) port 8081 (#0)
> POST /checklog HTTP/1.1
Host: localhost:8081
Content-Length: 0
Content-Type: application/json
User-Agent: GuzzleHttp/6.5.1 curl/7.67.0 PHP/7.2.26
body: {"signin_email":"ymnyaga@yandex.ru","signin_password":"12345678","remember_me":"on"}

* Recv failure: Connection was reset
* Closing connection 0
*   Trying ::1:8081...
* TCP_NODELAY set
* Connected to localhost (::1) port 8081 (#0)
> POST /checklog HTTP/1.1
Host: localhost:8081
Content-Length: 0
Content-Type: application/json
User-Agent: GuzzleHttp/6.5.1 curl/7.67.0 PHP/7.2.26
body: {"signin_email":"ymnyaga@yandex.ru","signin_password":"12345678","remember_me":"on"}

* Mark bundle as not supporting multiuse
< HTTP/1.1 200 
*   Trying ::1:8081...
* TCP_NODELAY set
* Connected to localhost (::1) port 8081 (#0)
> POST /checklog HTTP/1.1
Host: localhost:8081
Content-Length: 0
Content-Type: application/json
User-Agent: GuzzleHttp/6.5.1 curl/7.67.0 PHP/7.2.26
body: {"signin_email":"ymnyaga@yandex.ru","signin_password":"12345678","remember_me":"on"}

* Mark bundle as not supporting multiuse
< HTTP/1.1 200 
*   Trying ::1:8081...
* TCP_NODELAY set
* Connected to localhost (::1) port 8081 (#0)
> POST /checklog HTTP/1.1
Host: localhost:8081
Content-Length: 0
Content-Type: application/json
User-Agent: GuzzleHttp/6.5.1 curl/7.67.0 PHP/7.2.26
body: {"signin_email":"ymnyaga@yandex.ru","signin_password":"12345678","remember_me":"on"}

* Mark bundle as not supporting multiuse
< HTTP/1.1 200 
< Transfer-Encoding: chunked
< Date: Thu, 26 Dec 2019 08:39:20 GMT
< 
* Connection #0 to host localhost left intact
*   Trying ::1:8081...
* TCP_NODELAY set
* Connected to localhost (::1) port 8081 (#0)
> POST /checklog HTTP/1.1
Host: localhost:8081
Content-Length: 0
Content-Type: application/json
User-Agent: GuzzleHttp/6.5.1 curl/7.67.0 PHP/7.2.26
body: {"signin_email":"ymnyaga@yandex.ru","signin_password":"12345678","remember_me":"on"}

* Mark bundle as not supporting multiuse
< HTTP/1.1 200 
*   Trying ::1:8081...
* TCP_NODELAY set
* Connected to localhost (::1) port 8081 (#0)
> POST /checklog HTTP/1.1
Host: localhost:8081
Content-Length: 0
Content-Type: application/json
User-Agent: GuzzleHttp/6.5.1 curl/7.67.0 PHP/7.2.26
body: {"signin_email":"ymnyaga@yandex.ru","signin_password":"12345678","remember_me":"on"}

* Mark bundle as not supporting multiuse
< HTTP/1.1 200 
< Transfer-Encoding: chunked
< Date: Thu, 26 Dec 2019 08:55:39 GMT
< 
* Connection #0 to host localhost left intact
*   Trying ::1:8081...
* TCP_NODELAY set
* Connected to localhost (::1) port 8081 (#0)
> POST /checklog HTTP/1.1
Host: localhost:8081
Content-Length: 0
Content-Type: application/json
User-Agent: GuzzleHttp/6.5.1 curl/7.67.0 PHP/7.2.26
body: {"signin_email":"ymnyaga@yandex.ru","signin_password":"12345678","remember_me":"on"}

* Mark bundle as not supporting multiuse
< HTTP/1.1 200 
< Transfer-Encoding: chunked
< Date: Thu, 26 Dec 2019 08:55:39 GMT
< 
* Connection #0 to host localhost left intact
*   Trying ::1:8081...
* TCP_NODELAY set
* Connected to localhost (::1) port 8081 (#0)
> POST /checklog HTTP/1.1
Host: localhost:8081
Content-Length: 0
Content-Type: application/json
User-Agent: GuzzleHttp/6.5.1 curl/7.67.0 PHP/7.2.26
body: {"signin_email":"chekanovkin.a.e@edu.mirea.ru","signin_password":"11111111","remember_me":"on"}

* Mark bundle as not supporting multiuse
< HTTP/1.1 200 
< Transfer-Encoding: chunked
< Date: Thu, 26 Dec 2019 08:59:22 GMT
< 
* Connection #0 to host localhost left intact
